<?xml version="1.0" encoding="UTF-8"?>
<!-- Generated by org.testng.reporters.JUnitReportReporter -->
<testsuite hostname="DESKTOP-DIOO17K" failures="0" tests="4" name="api.tests.UserTests2" time="16.116" errors="0" timestamp="2023-09-01T17:24:01 IST" skipped="0">
  <testcase classname="api.tests.UserTests2" name="testPostUser" time="5.726"/>
  <testcase classname="api.tests.UserTests2" name="testGetUserByName" time="1.940"/>
  <testcase classname="api.tests.UserTests2" name="testPutUserByName" time="6.827"/>
  <testcase classname="api.tests.UserTests2" name="testDeleteUserByName" time="1.623"/>
</testsuite> <!-- api.tests.UserTests2 -->
