<?xml version="1.0" encoding="UTF-8"?>
<!-- Generated by org.testng.reporters.JUnitReportReporter -->
<testsuite hostname="DESKTOP-DIOO17K" failures="0" tests="4" name="api.tests.UserTests" time="11.921" errors="0" timestamp="2023-09-01T17:45:25 IST" skipped="0">
  <testcase classname="api.tests.UserTests" name="testPostUser" time="4.495"/>
  <testcase classname="api.tests.UserTests" name="testGetUserByName" time="1.359"/>
  <testcase classname="api.tests.UserTests" name="testPutUserByName" time="4.294"/>
  <testcase classname="api.tests.UserTests" name="testDeleteUserByName" time="1.773"/>
</testsuite> <!-- api.tests.UserTests -->
